c:\users\zafer\source\repos\ican_native\ican_native\x64\debug\ican_native.pch
c:\users\zafer\source\repos\ican_native\ican_native\x64\debug\vc143.pdb
c:\users\zafer\source\repos\ican_native\ican_native\x64\debug\pch.obj
c:\users\zafer\source\repos\ican_native\ican_native\x64\debug\dllmain.obj
c:\users\zafer\source\repos\ican_native\ican_native\x64\debug\ican_native.obj
c:\users\zafer\source\repos\ican_native\x64\debug\ican_native.lib
c:\users\zafer\source\repos\ican_native\x64\debug\ican_native.exp
c:\users\zafer\source\repos\ican_native\ican_native\x64\debug\ican_native.ilk
c:\users\zafer\source\repos\ican_native\ican_native\x64\debug\vc143.idb
c:\users\zafer\source\repos\ican_native\x64\debug\ican_native.pdb
c:\users\zafer\source\repos\ican_native\ican_native\x64\debug\ican_native.tlog\cl.command.1.tlog
c:\users\zafer\source\repos\ican_native\ican_native\x64\debug\ican_native.tlog\cl.read.1.tlog
c:\users\zafer\source\repos\ican_native\ican_native\x64\debug\ican_native.tlog\cl.write.1.tlog
c:\users\zafer\source\repos\ican_native\ican_native\x64\debug\ican_native.tlog\ican_native.write.1u.tlog
c:\users\zafer\source\repos\ican_native\ican_native\x64\debug\ican_native.tlog\link-cvtres.read.1.tlog
c:\users\zafer\source\repos\ican_native\ican_native\x64\debug\ican_native.tlog\link-cvtres.write.1.tlog
c:\users\zafer\source\repos\ican_native\ican_native\x64\debug\ican_native.tlog\link-rc.read.1.tlog
c:\users\zafer\source\repos\ican_native\ican_native\x64\debug\ican_native.tlog\link-rc.write.1.tlog
c:\users\zafer\source\repos\ican_native\ican_native\x64\debug\ican_native.tlog\link.command.1.tlog
c:\users\zafer\source\repos\ican_native\ican_native\x64\debug\ican_native.tlog\link.delete.1.tlog
c:\users\zafer\source\repos\ican_native\ican_native\x64\debug\ican_native.tlog\link.read.1.tlog
c:\users\zafer\source\repos\ican_native\ican_native\x64\debug\ican_native.tlog\link.read.2.tlog
c:\users\zafer\source\repos\ican_native\ican_native\x64\debug\ican_native.tlog\link.write.1.tlog
